app/build/intermediates/manifest_merge_blame_file/release/processReleaseMainManifest/manifest-merger-blame-release-report.txt
1<?xml version="1.0" encoding="utf-8"?>
2<manifest xmlns:android="http://schemas.android.com/apk/res/android"
3    package="com.example.navigation"
4    android:versionCode="10"
5    android:versionName="1.0.1" >
6
7    <uses-sdk
8        android:minSdkVersion="21"
9        android:targetSdkVersion="35" />
10    <!-- 访问网络，进行地图相关业务数据请求，包括地图数据，路线规划，POI检索等 -->
11    <uses-permission android:name="android.permission.INTERNET" />
11-->src/main/AndroidManifest.xml:5:5-66
11-->src/main/AndroidManifest.xml:5:22-64
12    <!-- 获取网络状态，根据网络状态切换进行数据请求网络转换 -->
13    <uses-permission android:name="android.permission.ACCESS_NETWORK_STATE" />
13-->src/main/AndroidManifest.xml:7:5-78
13-->src/main/AndroidManifest.xml:7:22-76
14    <!-- 读取外置存储。如果开发者使用了so动态加载功能并且把so文件放在了外置存储区域，则需要申请该权限，否则不需要 -->
15    <uses-permission android:name="android.permission.READ_EXTERNAL_STORAGE" />
15-->src/main/AndroidManifest.xml:9:5-79
15-->src/main/AndroidManifest.xml:9:22-77
16    <!-- 写外置存储。如果开发者使用了离线地图，并且数据写在外置存储区域，则需要申请该权限 -->
17    <uses-permission android:name="android.permission.WRITE_EXTERNAL_STORAGE" />
17-->src/main/AndroidManifest.xml:11:5-80
17-->src/main/AndroidManifest.xml:11:22-78
18    <!-- 这个权限用于进行网络定位 -->
19    <uses-permission android:name="android.permission.ACCESS_COARSE_LOCATION" />
19-->src/main/AndroidManifest.xml:13:5-81
19-->src/main/AndroidManifest.xml:13:22-78
20    <!-- 这个权限用于访问GPS定位 -->
21    <uses-permission android:name="android.permission.ACCESS_FINE_LOCATION" />
21-->src/main/AndroidManifest.xml:15:5-79
21-->src/main/AndroidManifest.xml:15:22-76
22    <!-- 保持屏幕常亮 -->
23    <uses-permission android:name="android.permission.WAKE_LOCK" />
23-->src/main/AndroidManifest.xml:17:5-67
23-->src/main/AndroidManifest.xml:17:22-65
24
25    <application
25-->src/main/AndroidManifest.xml:19:5-42:19
26        android:allowBackup="true"
26-->src/main/AndroidManifest.xml:20:13-39
27        android:appComponentFactory="androidx.core.app.CoreComponentFactory"
27-->[androidx.core:core:1.7.0] AndroidManifest.xml:24:18-86
28        android:extractNativeLibs="true"
29        android:icon="@drawable/daohang"
29-->src/main/AndroidManifest.xml:21:13-45
30        android:label="@string/app_name"
30-->src/main/AndroidManifest.xml:22:13-45
31        android:roundIcon="@drawable/daohang"
31-->src/main/AndroidManifest.xml:23:13-50
32        android:supportsRtl="true"
32-->src/main/AndroidManifest.xml:24:13-39
33        android:theme="@style/Theme.Navigation" >
33-->src/main/AndroidManifest.xml:25:13-52
34        <activity
34-->src/main/AndroidManifest.xml:26:9-34:20
35            android:name="com.example.navigation.MainActivity"
35-->src/main/AndroidManifest.xml:27:17-45
36            android:exported="true" >
36-->src/main/AndroidManifest.xml:28:17-40
37            <intent-filter>
37-->src/main/AndroidManifest.xml:29:13-33:29
38                <action android:name="android.intent.action.MAIN" />
38-->src/main/AndroidManifest.xml:30:17-68
38-->src/main/AndroidManifest.xml:30:25-66
39
40                <category android:name="android.intent.category.LAUNCHER" />
40-->src/main/AndroidManifest.xml:32:17-76
40-->src/main/AndroidManifest.xml:32:27-74
41            </intent-filter>
42        </activity>
43
44        <meta-data
44-->src/main/AndroidManifest.xml:36:9-38:67
45            android:name="com.baidu.lbsapi.API_KEY"
45-->src/main/AndroidManifest.xml:37:17-56
46            android:value="7HM5d0Ke3EdbbixQxvs7AshtdWFey8UR" />
46-->src/main/AndroidManifest.xml:38:17-65
47
48        <service
48-->src/main/AndroidManifest.xml:39:9-41:45
49            android:name="com.baidu.location.f"
49-->src/main/AndroidManifest.xml:39:18-53
50            android:enabled="true"
50-->src/main/AndroidManifest.xml:40:18-40
51            android:process=":remote" />
51-->src/main/AndroidManifest.xml:41:18-43
52
53        <provider
53-->[androidx.emoji2:emoji2:1.0.0] AndroidManifest.xml:26:9-34:20
54            android:name="androidx.startup.InitializationProvider"
54-->[androidx.emoji2:emoji2:1.0.0] AndroidManifest.xml:27:13-67
55            android:authorities="com.example.navigation.androidx-startup"
55-->[androidx.emoji2:emoji2:1.0.0] AndroidManifest.xml:28:13-68
56            android:exported="false" >
56-->[androidx.emoji2:emoji2:1.0.0] AndroidManifest.xml:29:13-37
57            <meta-data
57-->[androidx.emoji2:emoji2:1.0.0] AndroidManifest.xml:31:13-33:52
58                android:name="androidx.emoji2.text.EmojiCompatInitializer"
58-->[androidx.emoji2:emoji2:1.0.0] AndroidManifest.xml:32:17-75
59                android:value="androidx.startup" />
59-->[androidx.emoji2:emoji2:1.0.0] AndroidManifest.xml:33:17-49
60            <meta-data
60-->[androidx.lifecycle:lifecycle-process:2.4.0] AndroidManifest.xml:31:13-33:52
61                android:name="androidx.lifecycle.ProcessLifecycleInitializer"
61-->[androidx.lifecycle:lifecycle-process:2.4.0] AndroidManifest.xml:32:17-78
62                android:value="androidx.startup" />
62-->[androidx.lifecycle:lifecycle-process:2.4.0] AndroidManifest.xml:33:17-49
63        </provider>
64    </application>
65
66</manifest>